The system is: Linux - 3.13.0-77-generic - i686
Compiling the C compiler identification source file "CMakeCCompilerId.c" succeeded.
Compiler: /usr/bin/cc 
Build flags: 
Id flags: 

The output was:
0


Compilation of the C compiler identification source "CMakeCCompilerId.c" produced "a.out"

The C compiler identification is GNU, found in "/home/barbara/Documents/HMPdetector/CMakeFiles/2.8.12/CompilerIdC/a.out"

Compiling the CXX compiler identification source file "CMakeCXXCompilerId.cpp" succeeded.
Compiler: /usr/bin/c++ 
Build flags: -g;-Wall
Id flags: 

The output was:
0


Compilation of the CXX compiler identification source "CMakeCXXCompilerId.cpp" produced "a.out"

The CXX compiler identification is GNU, found in "/home/barbara/Documents/HMPdetector/CMakeFiles/2.8.12/CompilerIdCXX/a.out"

Determining if the C compiler works passed with the following output:
Change Dir: /home/barbara/Documents/HMPdetector/CMakeFiles/CMakeTmp

Run Build Command:/usr/bin/make "cmTryCompileExec2353239511/fast"
/usr/bin/make -f CMakeFiles/cmTryCompileExec2353239511.dir/build.make CMakeFiles/cmTryCompileExec2353239511.dir/build
make[1]: Entering directory `/home/barbara/Documents/HMPdetector/CMakeFiles/CMakeTmp'
/home/barbara/Installed_software/CMake/cmake-2.8.12-Linux-i386/bin/cmake -E cmake_progress_report /home/barbara/Documents/HMPdetector/CMakeFiles/CMakeTmp/CMakeFiles 1
Building C object CMakeFiles/cmTryCompileExec2353239511.dir/testCCompiler.c.o
/usr/bin/cc    -o CMakeFiles/cmTryCompileExec2353239511.dir/testCCompiler.c.o   -c /home/barbara/Documents/HMPdetector/CMakeFiles/CMakeTmp/testCCompiler.c
Linking C executable cmTryCompileExec2353239511
/home/barbara/Installed_software/CMake/cmake-2.8.12-Linux-i386/bin/cmake -E cmake_link_script CMakeFiles/cmTryCompileExec2353239511.dir/link.txt --verbose=1
/usr/bin/cc       CMakeFiles/cmTryCompileExec2353239511.dir/testCCompiler.c.o  -o cmTryCompileExec2353239511 -rdynamic 
make[1]: Leaving directory `/home/barbara/Documents/HMPdetector/CMakeFiles/CMakeTmp'


Detecting C compiler ABI info compiled with the following output:
Change Dir: /home/barbara/Documents/HMPdetector/CMakeFiles/CMakeTmp

Run Build Command:/usr/bin/make "cmTryCompileExec3711037207/fast"
/usr/bin/make -f CMakeFiles/cmTryCompileExec3711037207.dir/build.make CMakeFiles/cmTryCompileExec3711037207.dir/build
make[1]: Entering directory `/home/barbara/Documents/HMPdetector/CMakeFiles/CMakeTmp'
/home/barbara/Installed_software/CMake/cmake-2.8.12-Linux-i386/bin/cmake -E cmake_progress_report /home/barbara/Documents/HMPdetector/CMakeFiles/CMakeTmp/CMakeFiles 1
Building C object CMakeFiles/cmTryCompileExec3711037207.dir/CMakeCCompilerABI.c.o
/usr/bin/cc    -o CMakeFiles/cmTryCompileExec3711037207.dir/CMakeCCompilerABI.c.o   -c /home/barbara/Installed_software/CMake/cmake-2.8.12-Linux-i386/share/cmake-2.8/Modules/CMakeCCompilerABI.c
Linking C executable cmTryCompileExec3711037207
/home/barbara/Installed_software/CMake/cmake-2.8.12-Linux-i386/bin/cmake -E cmake_link_script CMakeFiles/cmTryCompileExec3711037207.dir/link.txt --verbose=1
/usr/bin/cc     -v CMakeFiles/cmTryCompileExec3711037207.dir/CMakeCCompilerABI.c.o  -o cmTryCompileExec3711037207 -rdynamic  
Using built-in specs.
COLLECT_GCC=/usr/bin/cc
COLLECT_LTO_WRAPPER=/usr/lib/gcc/i686-linux-gnu/4.6/lto-wrapper
Target: i686-linux-gnu
Configured with: ../src/configure -v --with-pkgversion='Ubuntu/Linaro 4.6.3-1ubuntu5' --with-bugurl=file:///usr/share/doc/gcc-4.6/README.Bugs --enable-languages=c,c++,fortran,objc,obj-c++ --prefix=/usr --program-suffix=-4.6 --enable-shared --enable-linker-build-id --with-system-zlib --libexecdir=/usr/lib --without-included-gettext --enable-threads=posix --with-gxx-include-dir=/usr/include/c++/4.6 --libdir=/usr/lib --enable-nls --with-sysroot=/ --enable-clocale=gnu --enable-libstdcxx-debug --enable-libstdcxx-time=yes --enable-gnu-unique-object --enable-plugin --enable-objc-gc --enable-targets=all --disable-werror --with-arch-32=i686 --with-tune=generic --enable-checking=release --build=i686-linux-gnu --host=i686-linux-gnu --target=i686-linux-gnu
Thread model: posix
gcc version 4.6.3 (Ubuntu/Linaro 4.6.3-1ubuntu5) 
COMPILER_PATH=/usr/lib/gcc/i686-linux-gnu/4.6/:/usr/lib/gcc/i686-linux-gnu/4.6/:/usr/lib/gcc/i686-linux-gnu/:/usr/lib/gcc/i686-linux-gnu/4.6/:/usr/lib/gcc/i686-linux-gnu/
LIBRARY_PATH=/usr/lib/gcc/i686-linux-gnu/4.6/:/usr/lib/gcc/i686-linux-gnu/4.6/../../../i386-linux-gnu/:/usr/lib/gcc/i686-linux-gnu/4.6/../../../../lib/:/lib/i386-linux-gnu/:/lib/../lib/:/usr/lib/i386-linux-gnu/:/usr/lib/../lib/:/usr/lib/gcc/i686-linux-gnu/4.6/../../../:/lib/:/usr/lib/
COLLECT_GCC_OPTIONS='-v' '-o' 'cmTryCompileExec3711037207' '-rdynamic' '-mtune=generic' '-march=i686'
 /usr/lib/gcc/i686-linux-gnu/4.6/collect2 --sysroot=/ --build-id --no-add-needed --as-needed --eh-frame-hdr -m elf_i386 --hash-style=gnu -export-dynamic -dynamic-linker /lib/ld-linux.so.2 -z relro -o cmTryCompileExec3711037207 /usr/lib/gcc/i686-linux-gnu/4.6/../../../i386-linux-gnu/crt1.o /usr/lib/gcc/i686-linux-gnu/4.6/../../../i386-linux-gnu/crti.o /usr/lib/gcc/i686-linux-gnu/4.6/crtbegin.o -L/usr/lib/gcc/i686-linux-gnu/4.6 -L/usr/lib/gcc/i686-linux-gnu/4.6/../../../i386-linux-gnu -L/usr/lib/gcc/i686-linux-gnu/4.6/../../../../lib -L/lib/i386-linux-gnu -L/lib/../lib -L/usr/lib/i386-linux-gnu -L/usr/lib/../lib -L/usr/lib/gcc/i686-linux-gnu/4.6/../../.. CMakeFiles/cmTryCompileExec3711037207.dir/CMakeCCompilerABI.c.o -lgcc --as-needed -lgcc_s --no-as-needed -lc -lgcc --as-needed -lgcc_s --no-as-needed /usr/lib/gcc/i686-linux-gnu/4.6/crtend.o /usr/lib/gcc/i686-linux-gnu/4.6/../../../i386-linux-gnu/crtn.o
make[1]: Leaving directory `/home/barbara/Documents/HMPdetector/CMakeFiles/CMakeTmp'


Parsed C implicit link information from above output:
  link line regex: [^( *|.*[/\])(ld|([^/\]+-)?ld|collect2)[^/\]*( |$)]
  ignore line: [Change Dir: /home/barbara/Documents/HMPdetector/CMakeFiles/CMakeTmp]
  ignore line: []
  ignore line: [Run Build Command:/usr/bin/make "cmTryCompileExec3711037207/fast"]
  ignore line: [/usr/bin/make -f CMakeFiles/cmTryCompileExec3711037207.dir/build.make CMakeFiles/cmTryCompileExec3711037207.dir/build]
  ignore line: [make[1]: Entering directory `/home/barbara/Documents/HMPdetector/CMakeFiles/CMakeTmp']
  ignore line: [/home/barbara/Installed_software/CMake/cmake-2.8.12-Linux-i386/bin/cmake -E cmake_progress_report /home/barbara/Documents/HMPdetector/CMakeFiles/CMakeTmp/CMakeFiles 1]
  ignore line: [Building C object CMakeFiles/cmTryCompileExec3711037207.dir/CMakeCCompilerABI.c.o]
  ignore line: [/usr/bin/cc    -o CMakeFiles/cmTryCompileExec3711037207.dir/CMakeCCompilerABI.c.o   -c /home/barbara/Installed_software/CMake/cmake-2.8.12-Linux-i386/share/cmake-2.8/Modules/CMakeCCompilerABI.c]
  ignore line: [Linking C executable cmTryCompileExec3711037207]
  ignore line: [/home/barbara/Installed_software/CMake/cmake-2.8.12-Linux-i386/bin/cmake -E cmake_link_script CMakeFiles/cmTryCompileExec3711037207.dir/link.txt --verbose=1]
  ignore line: [/usr/bin/cc     -v CMakeFiles/cmTryCompileExec3711037207.dir/CMakeCCompilerABI.c.o  -o cmTryCompileExec3711037207 -rdynamic  ]
  ignore line: [Using built-in specs.]
  ignore line: [COLLECT_GCC=/usr/bin/cc]
  ignore line: [COLLECT_LTO_WRAPPER=/usr/lib/gcc/i686-linux-gnu/4.6/lto-wrapper]
  ignore line: [Target: i686-linux-gnu]
  ignore line: [Configured with: ../src/configure -v --with-pkgversion='Ubuntu/Linaro 4.6.3-1ubuntu5' --with-bugurl=file:///usr/share/doc/gcc-4.6/README.Bugs --enable-languages=c,c++,fortran,objc,obj-c++ --prefix=/usr --program-suffix=-4.6 --enable-shared --enable-linker-build-id --with-system-zlib --libexecdir=/usr/lib --without-included-gettext --enable-threads=posix --with-gxx-include-dir=/usr/include/c++/4.6 --libdir=/usr/lib --enable-nls --with-sysroot=/ --enable-clocale=gnu --enable-libstdcxx-debug --enable-libstdcxx-time=yes --enable-gnu-unique-object --enable-plugin --enable-objc-gc --enable-targets=all --disable-werror --with-arch-32=i686 --with-tune=generic --enable-checking=release --build=i686-linux-gnu --host=i686-linux-gnu --target=i686-linux-gnu]
  ignore line: [Thread model: posix]
  ignore line: [gcc version 4.6.3 (Ubuntu/Linaro 4.6.3-1ubuntu5) ]
  ignore line: [COMPILER_PATH=/usr/lib/gcc/i686-linux-gnu/4.6/:/usr/lib/gcc/i686-linux-gnu/4.6/:/usr/lib/gcc/i686-linux-gnu/:/usr/lib/gcc/i686-linux-gnu/4.6/:/usr/lib/gcc/i686-linux-gnu/]
  ignore line: [LIBRARY_PATH=/usr/lib/gcc/i686-linux-gnu/4.6/:/usr/lib/gcc/i686-linux-gnu/4.6/../../../i386-linux-gnu/:/usr/lib/gcc/i686-linux-gnu/4.6/../../../../lib/:/lib/i386-linux-gnu/:/lib/../lib/:/usr/lib/i386-linux-gnu/:/usr/lib/../lib/:/usr/lib/gcc/i686-linux-gnu/4.6/../../../:/lib/:/usr/lib/]
  ignore line: [COLLECT_GCC_OPTIONS='-v' '-o' 'cmTryCompileExec3711037207' '-rdynamic' '-mtune=generic' '-march=i686']
  link line: [ /usr/lib/gcc/i686-linux-gnu/4.6/collect2 --sysroot=/ --build-id --no-add-needed --as-needed --eh-frame-hdr -m elf_i386 --hash-style=gnu -export-dynamic -dynamic-linker /lib/ld-linux.so.2 -z relro -o cmTryCompileExec3711037207 /usr/lib/gcc/i686-linux-gnu/4.6/../../../i386-linux-gnu/crt1.o /usr/lib/gcc/i686-linux-gnu/4.6/../../../i386-linux-gnu/crti.o /usr/lib/gcc/i686-linux-gnu/4.6/crtbegin.o -L/usr/lib/gcc/i686-linux-gnu/4.6 -L/usr/lib/gcc/i686-linux-gnu/4.6/../../../i386-linux-gnu -L/usr/lib/gcc/i686-linux-gnu/4.6/../../../../lib -L/lib/i386-linux-gnu -L/lib/../lib -L/usr/lib/i386-linux-gnu -L/usr/lib/../lib -L/usr/lib/gcc/i686-linux-gnu/4.6/../../.. CMakeFiles/cmTryCompileExec3711037207.dir/CMakeCCompilerABI.c.o -lgcc --as-needed -lgcc_s --no-as-needed -lc -lgcc --as-needed -lgcc_s --no-as-needed /usr/lib/gcc/i686-linux-gnu/4.6/crtend.o /usr/lib/gcc/i686-linux-gnu/4.6/../../../i386-linux-gnu/crtn.o]
    arg [/usr/lib/gcc/i686-linux-gnu/4.6/collect2] ==> ignore
    arg [--sysroot=/] ==> ignore
    arg [--build-id] ==> ignore
    arg [--no-add-needed] ==> ignore
    arg [--as-needed] ==> ignore
    arg [--eh-frame-hdr] ==> ignore
    arg [-m] ==> ignore
    arg [elf_i386] ==> ignore
    arg [--hash-style=gnu] ==> ignore
    arg [-export-dynamic] ==> ignore
    arg [-dynamic-linker] ==> ignore
    arg [/lib/ld-linux.so.2] ==> ignore
    arg [-zrelro] ==> ignore
    arg [-o] ==> ignore
    arg [cmTryCompileExec3711037207] ==> ignore
    arg [/usr/lib/gcc/i686-linux-gnu/4.6/../../../i386-linux-gnu/crt1.o] ==> ignore
    arg [/usr/lib/gcc/i686-linux-gnu/4.6/../../../i386-linux-gnu/crti.o] ==> ignore
    arg [/usr/lib/gcc/i686-linux-gnu/4.6/crtbegin.o] ==> ignore
    arg [-L/usr/lib/gcc/i686-linux-gnu/4.6] ==> dir [/usr/lib/gcc/i686-linux-gnu/4.6]
    arg [-L/usr/lib/gcc/i686-linux-gnu/4.6/../../../i386-linux-gnu] ==> dir [/usr/lib/gcc/i686-linux-gnu/4.6/../../../i386-linux-gnu]
    arg [-L/usr/lib/gcc/i686-linux-gnu/4.6/../../../../lib] ==> dir [/usr/lib/gcc/i686-linux-gnu/4.6/../../../../lib]
    arg [-L/lib/i386-linux-gnu] ==> dir [/lib/i386-linux-gnu]
    arg [-L/lib/../lib] ==> dir [/lib/../lib]
    arg [-L/usr/lib/i386-linux-gnu] ==> dir [/usr/lib/i386-linux-gnu]
    arg [-L/usr/lib/../lib] ==> dir [/usr/lib/../lib]
    arg [-L/usr/lib/gcc/i686-linux-gnu/4.6/../../..] ==> dir [/usr/lib/gcc/i686-linux-gnu/4.6/../../..]
    arg [CMakeFiles/cmTryCompileExec3711037207.dir/CMakeCCompilerABI.c.o] ==> ignore
    arg [-lgcc] ==> lib [gcc]
    arg [--as-needed] ==> ignore
    arg [-lgcc_s] ==> lib [gcc_s]
    arg [--no-as-needed] ==> ignore
    arg [-lc] ==> lib [c]
    arg [-lgcc] ==> lib [gcc]
    arg [--as-needed] ==> ignore
    arg [-lgcc_s] ==> lib [gcc_s]
    arg [--no-as-needed] ==> ignore
    arg [/usr/lib/gcc/i686-linux-gnu/4.6/crtend.o] ==> ignore
    arg [/usr/lib/gcc/i686-linux-gnu/4.6/../../../i386-linux-gnu/crtn.o] ==> ignore
  remove lib [gcc]
  remove lib [gcc_s]
  remove lib [gcc]
  remove lib [gcc_s]
  collapse library dir [/usr/lib/gcc/i686-linux-gnu/4.6] ==> [/usr/lib/gcc/i686-linux-gnu/4.6]
  collapse library dir [/usr/lib/gcc/i686-linux-gnu/4.6/../../../i386-linux-gnu] ==> [/usr/lib/i386-linux-gnu]
  collapse library dir [/usr/lib/gcc/i686-linux-gnu/4.6/../../../../lib] ==> [/usr/lib]
  collapse library dir [/lib/i386-linux-gnu] ==> [/lib/i386-linux-gnu]
  collapse library dir [/lib/../lib] ==> [/lib]
  collapse library dir [/usr/lib/i386-linux-gnu] ==> [/usr/lib/i386-linux-gnu]
  collapse library dir [/usr/lib/../lib] ==> [/usr/lib]
  collapse library dir [/usr/lib/gcc/i686-linux-gnu/4.6/../../..] ==> [/usr/lib]
  implicit libs: [c]
  implicit dirs: [/usr/lib/gcc/i686-linux-gnu/4.6;/usr/lib/i386-linux-gnu;/usr/lib;/lib/i386-linux-gnu;/lib]
  implicit fwks: []


Determining if the CXX compiler works passed with the following output:
Change Dir: /home/barbara/Documents/HMPdetector/CMakeFiles/CMakeTmp

Run Build Command:/usr/bin/make "cmTryCompileExec1239847343/fast"
/usr/bin/make -f CMakeFiles/cmTryCompileExec1239847343.dir/build.make CMakeFiles/cmTryCompileExec1239847343.dir/build
make[1]: Entering directory `/home/barbara/Documents/HMPdetector/CMakeFiles/CMakeTmp'
/home/barbara/Installed_software/CMake/cmake-2.8.12-Linux-i386/bin/cmake -E cmake_progress_report /home/barbara/Documents/HMPdetector/CMakeFiles/CMakeTmp/CMakeFiles 1
Building CXX object CMakeFiles/cmTryCompileExec1239847343.dir/testCXXCompiler.cxx.o
/usr/bin/c++     -o CMakeFiles/cmTryCompileExec1239847343.dir/testCXXCompiler.cxx.o -c /home/barbara/Documents/HMPdetector/CMakeFiles/CMakeTmp/testCXXCompiler.cxx
Linking CXX executable cmTryCompileExec1239847343
/home/barbara/Installed_software/CMake/cmake-2.8.12-Linux-i386/bin/cmake -E cmake_link_script CMakeFiles/cmTryCompileExec1239847343.dir/link.txt --verbose=1
/usr/bin/c++        CMakeFiles/cmTryCompileExec1239847343.dir/testCXXCompiler.cxx.o  -o cmTryCompileExec1239847343 -rdynamic 
make[1]: Leaving directory `/home/barbara/Documents/HMPdetector/CMakeFiles/CMakeTmp'


Detecting CXX compiler ABI info compiled with the following output:
Change Dir: /home/barbara/Documents/HMPdetector/CMakeFiles/CMakeTmp

Run Build Command:/usr/bin/make "cmTryCompileExec34680628/fast"
/usr/bin/make -f CMakeFiles/cmTryCompileExec34680628.dir/build.make CMakeFiles/cmTryCompileExec34680628.dir/build
make[1]: Entering directory `/home/barbara/Documents/HMPdetector/CMakeFiles/CMakeTmp'
/home/barbara/Installed_software/CMake/cmake-2.8.12-Linux-i386/bin/cmake -E cmake_progress_report /home/barbara/Documents/HMPdetector/CMakeFiles/CMakeTmp/CMakeFiles 1
Building CXX object CMakeFiles/cmTryCompileExec34680628.dir/CMakeCXXCompilerABI.cpp.o
/usr/bin/c++     -o CMakeFiles/cmTryCompileExec34680628.dir/CMakeCXXCompilerABI.cpp.o -c /home/barbara/Installed_software/CMake/cmake-2.8.12-Linux-i386/share/cmake-2.8/Modules/CMakeCXXCompilerABI.cpp
Linking CXX executable cmTryCompileExec34680628
/home/barbara/Installed_software/CMake/cmake-2.8.12-Linux-i386/bin/cmake -E cmake_link_script CMakeFiles/cmTryCompileExec34680628.dir/link.txt --verbose=1
/usr/bin/c++      -v CMakeFiles/cmTryCompileExec34680628.dir/CMakeCXXCompilerABI.cpp.o  -o cmTryCompileExec34680628 -rdynamic  
Using built-in specs.
COLLECT_GCC=/usr/bin/c++
COLLECT_LTO_WRAPPER=/usr/lib/gcc/i686-linux-gnu/4.6/lto-wrapper
Target: i686-linux-gnu
Configured with: ../src/configure -v --with-pkgversion='Ubuntu/Linaro 4.6.3-1ubuntu5' --with-bugurl=file:///usr/share/doc/gcc-4.6/README.Bugs --enable-languages=c,c++,fortran,objc,obj-c++ --prefix=/usr --program-suffix=-4.6 --enable-shared --enable-linker-build-id --with-system-zlib --libexecdir=/usr/lib --without-included-gettext --enable-threads=posix --with-gxx-include-dir=/usr/include/c++/4.6 --libdir=/usr/lib --enable-nls --with-sysroot=/ --enable-clocale=gnu --enable-libstdcxx-debug --enable-libstdcxx-time=yes --enable-gnu-unique-object --enable-plugin --enable-objc-gc --enable-targets=all --disable-werror --with-arch-32=i686 --with-tune=generic --enable-checking=release --build=i686-linux-gnu --host=i686-linux-gnu --target=i686-linux-gnu
Thread model: posix
gcc version 4.6.3 (Ubuntu/Linaro 4.6.3-1ubuntu5) 
COMPILER_PATH=/usr/lib/gcc/i686-linux-gnu/4.6/:/usr/lib/gcc/i686-linux-gnu/4.6/:/usr/lib/gcc/i686-linux-gnu/:/usr/lib/gcc/i686-linux-gnu/4.6/:/usr/lib/gcc/i686-linux-gnu/
LIBRARY_PATH=/usr/lib/gcc/i686-linux-gnu/4.6/:/usr/lib/gcc/i686-linux-gnu/4.6/../../../i386-linux-gnu/:/usr/lib/gcc/i686-linux-gnu/4.6/../../../../lib/:/lib/i386-linux-gnu/:/lib/../lib/:/usr/lib/i386-linux-gnu/:/usr/lib/../lib/:/usr/lib/gcc/i686-linux-gnu/4.6/../../../:/lib/:/usr/lib/
COLLECT_GCC_OPTIONS='-v' '-o' 'cmTryCompileExec34680628' '-rdynamic' '-shared-libgcc' '-mtune=generic' '-march=i686'
 /usr/lib/gcc/i686-linux-gnu/4.6/collect2 --sysroot=/ --build-id --no-add-needed --as-needed --eh-frame-hdr -m elf_i386 --hash-style=gnu -export-dynamic -dynamic-linker /lib/ld-linux.so.2 -z relro -o cmTryCompileExec34680628 /usr/lib/gcc/i686-linux-gnu/4.6/../../../i386-linux-gnu/crt1.o /usr/lib/gcc/i686-linux-gnu/4.6/../../../i386-linux-gnu/crti.o /usr/lib/gcc/i686-linux-gnu/4.6/crtbegin.o -L/usr/lib/gcc/i686-linux-gnu/4.6 -L/usr/lib/gcc/i686-linux-gnu/4.6/../../../i386-linux-gnu -L/usr/lib/gcc/i686-linux-gnu/4.6/../../../../lib -L/lib/i386-linux-gnu -L/lib/../lib -L/usr/lib/i386-linux-gnu -L/usr/lib/../lib -L/usr/lib/gcc/i686-linux-gnu/4.6/../../.. CMakeFiles/cmTryCompileExec34680628.dir/CMakeCXXCompilerABI.cpp.o -lstdc++ -lm -lgcc_s -lgcc -lc -lgcc_s -lgcc /usr/lib/gcc/i686-linux-gnu/4.6/crtend.o /usr/lib/gcc/i686-linux-gnu/4.6/../../../i386-linux-gnu/crtn.o
make[1]: Leaving directory `/home/barbara/Documents/HMPdetector/CMakeFiles/CMakeTmp'


Parsed CXX implicit link information from above output:
  link line regex: [^( *|.*[/\])(ld|([^/\]+-)?ld|collect2)[^/\]*( |$)]
  ignore line: [Change Dir: /home/barbara/Documents/HMPdetector/CMakeFiles/CMakeTmp]
  ignore line: []
  ignore line: [Run Build Command:/usr/bin/make "cmTryCompileExec34680628/fast"]
  ignore line: [/usr/bin/make -f CMakeFiles/cmTryCompileExec34680628.dir/build.make CMakeFiles/cmTryCompileExec34680628.dir/build]
  ignore line: [make[1]: Entering directory `/home/barbara/Documents/HMPdetector/CMakeFiles/CMakeTmp']
  ignore line: [/home/barbara/Installed_software/CMake/cmake-2.8.12-Linux-i386/bin/cmake -E cmake_progress_report /home/barbara/Documents/HMPdetector/CMakeFiles/CMakeTmp/CMakeFiles 1]
  ignore line: [Building CXX object CMakeFiles/cmTryCompileExec34680628.dir/CMakeCXXCompilerABI.cpp.o]
  ignore line: [/usr/bin/c++     -o CMakeFiles/cmTryCompileExec34680628.dir/CMakeCXXCompilerABI.cpp.o -c /home/barbara/Installed_software/CMake/cmake-2.8.12-Linux-i386/share/cmake-2.8/Modules/CMakeCXXCompilerABI.cpp]
  ignore line: [Linking CXX executable cmTryCompileExec34680628]
  ignore line: [/home/barbara/Installed_software/CMake/cmake-2.8.12-Linux-i386/bin/cmake -E cmake_link_script CMakeFiles/cmTryCompileExec34680628.dir/link.txt --verbose=1]
  ignore line: [/usr/bin/c++      -v CMakeFiles/cmTryCompileExec34680628.dir/CMakeCXXCompilerABI.cpp.o  -o cmTryCompileExec34680628 -rdynamic  ]
  ignore line: [Using built-in specs.]
  ignore line: [COLLECT_GCC=/usr/bin/c++]
  ignore line: [COLLECT_LTO_WRAPPER=/usr/lib/gcc/i686-linux-gnu/4.6/lto-wrapper]
  ignore line: [Target: i686-linux-gnu]
  ignore line: [Configured with: ../src/configure -v --with-pkgversion='Ubuntu/Linaro 4.6.3-1ubuntu5' --with-bugurl=file:///usr/share/doc/gcc-4.6/README.Bugs --enable-languages=c,c++,fortran,objc,obj-c++ --prefix=/usr --program-suffix=-4.6 --enable-shared --enable-linker-build-id --with-system-zlib --libexecdir=/usr/lib --without-included-gettext --enable-threads=posix --with-gxx-include-dir=/usr/include/c++/4.6 --libdir=/usr/lib --enable-nls --with-sysroot=/ --enable-clocale=gnu --enable-libstdcxx-debug --enable-libstdcxx-time=yes --enable-gnu-unique-object --enable-plugin --enable-objc-gc --enable-targets=all --disable-werror --with-arch-32=i686 --with-tune=generic --enable-checking=release --build=i686-linux-gnu --host=i686-linux-gnu --target=i686-linux-gnu]
  ignore line: [Thread model: posix]
  ignore line: [gcc version 4.6.3 (Ubuntu/Linaro 4.6.3-1ubuntu5) ]
  ignore line: [COMPILER_PATH=/usr/lib/gcc/i686-linux-gnu/4.6/:/usr/lib/gcc/i686-linux-gnu/4.6/:/usr/lib/gcc/i686-linux-gnu/:/usr/lib/gcc/i686-linux-gnu/4.6/:/usr/lib/gcc/i686-linux-gnu/]
  ignore line: [LIBRARY_PATH=/usr/lib/gcc/i686-linux-gnu/4.6/:/usr/lib/gcc/i686-linux-gnu/4.6/../../../i386-linux-gnu/:/usr/lib/gcc/i686-linux-gnu/4.6/../../../../lib/:/lib/i386-linux-gnu/:/lib/../lib/:/usr/lib/i386-linux-gnu/:/usr/lib/../lib/:/usr/lib/gcc/i686-linux-gnu/4.6/../../../:/lib/:/usr/lib/]
  ignore line: [COLLECT_GCC_OPTIONS='-v' '-o' 'cmTryCompileExec34680628' '-rdynamic' '-shared-libgcc' '-mtune=generic' '-march=i686']
  link line: [ /usr/lib/gcc/i686-linux-gnu/4.6/collect2 --sysroot=/ --build-id --no-add-needed --as-needed --eh-frame-hdr -m elf_i386 --hash-style=gnu -export-dynamic -dynamic-linker /lib/ld-linux.so.2 -z relro -o cmTryCompileExec34680628 /usr/lib/gcc/i686-linux-gnu/4.6/../../../i386-linux-gnu/crt1.o /usr/lib/gcc/i686-linux-gnu/4.6/../../../i386-linux-gnu/crti.o /usr/lib/gcc/i686-linux-gnu/4.6/crtbegin.o -L/usr/lib/gcc/i686-linux-gnu/4.6 -L/usr/lib/gcc/i686-linux-gnu/4.6/../../../i386-linux-gnu -L/usr/lib/gcc/i686-linux-gnu/4.6/../../../../lib -L/lib/i386-linux-gnu -L/lib/../lib -L/usr/lib/i386-linux-gnu -L/usr/lib/../lib -L/usr/lib/gcc/i686-linux-gnu/4.6/../../.. CMakeFiles/cmTryCompileExec34680628.dir/CMakeCXXCompilerABI.cpp.o -lstdc++ -lm -lgcc_s -lgcc -lc -lgcc_s -lgcc /usr/lib/gcc/i686-linux-gnu/4.6/crtend.o /usr/lib/gcc/i686-linux-gnu/4.6/../../../i386-linux-gnu/crtn.o]
    arg [/usr/lib/gcc/i686-linux-gnu/4.6/collect2] ==> ignore
    arg [--sysroot=/] ==> ignore
    arg [--build-id] ==> ignore
    arg [--no-add-needed] ==> ignore
    arg [--as-needed] ==> ignore
    arg [--eh-frame-hdr] ==> ignore
    arg [-m] ==> ignore
    arg [elf_i386] ==> ignore
    arg [--hash-style=gnu] ==> ignore
    arg [-export-dynamic] ==> ignore
    arg [-dynamic-linker] ==> ignore
    arg [/lib/ld-linux.so.2] ==> ignore
    arg [-zrelro] ==> ignore
    arg [-o] ==> ignore
    arg [cmTryCompileExec34680628] ==> ignore
    arg [/usr/lib/gcc/i686-linux-gnu/4.6/../../../i386-linux-gnu/crt1.o] ==> ignore
    arg [/usr/lib/gcc/i686-linux-gnu/4.6/../../../i386-linux-gnu/crti.o] ==> ignore
    arg [/usr/lib/gcc/i686-linux-gnu/4.6/crtbegin.o] ==> ignore
    arg [-L/usr/lib/gcc/i686-linux-gnu/4.6] ==> dir [/usr/lib/gcc/i686-linux-gnu/4.6]
    arg [-L/usr/lib/gcc/i686-linux-gnu/4.6/../../../i386-linux-gnu] ==> dir [/usr/lib/gcc/i686-linux-gnu/4.6/../../../i386-linux-gnu]
    arg [-L/usr/lib/gcc/i686-linux-gnu/4.6/../../../../lib] ==> dir [/usr/lib/gcc/i686-linux-gnu/4.6/../../../../lib]
    arg [-L/lib/i386-linux-gnu] ==> dir [/lib/i386-linux-gnu]
    arg [-L/lib/../lib] ==> dir [/lib/../lib]
    arg [-L/usr/lib/i386-linux-gnu] ==> dir [/usr/lib/i386-linux-gnu]
    arg [-L/usr/lib/../lib] ==> dir [/usr/lib/../lib]
    arg [-L/usr/lib/gcc/i686-linux-gnu/4.6/../../..] ==> dir [/usr/lib/gcc/i686-linux-gnu/4.6/../../..]
    arg [CMakeFiles/cmTryCompileExec34680628.dir/CMakeCXXCompilerABI.cpp.o] ==> ignore
    arg [-lstdc++] ==> lib [stdc++]
    arg [-lm] ==> lib [m]
    arg [-lgcc_s] ==> lib [gcc_s]
    arg [-lgcc] ==> lib [gcc]
    arg [-lc] ==> lib [c]
    arg [-lgcc_s] ==> lib [gcc_s]
    arg [-lgcc] ==> lib [gcc]
    arg [/usr/lib/gcc/i686-linux-gnu/4.6/crtend.o] ==> ignore
    arg [/usr/lib/gcc/i686-linux-gnu/4.6/../../../i386-linux-gnu/crtn.o] ==> ignore
  remove lib [gcc_s]
  remove lib [gcc]
  remove lib [gcc_s]
  remove lib [gcc]
  collapse library dir [/usr/lib/gcc/i686-linux-gnu/4.6] ==> [/usr/lib/gcc/i686-linux-gnu/4.6]
  collapse library dir [/usr/lib/gcc/i686-linux-gnu/4.6/../../../i386-linux-gnu] ==> [/usr/lib/i386-linux-gnu]
  collapse library dir [/usr/lib/gcc/i686-linux-gnu/4.6/../../../../lib] ==> [/usr/lib]
  collapse library dir [/lib/i386-linux-gnu] ==> [/lib/i386-linux-gnu]
  collapse library dir [/lib/../lib] ==> [/lib]
  collapse library dir [/usr/lib/i386-linux-gnu] ==> [/usr/lib/i386-linux-gnu]
  collapse library dir [/usr/lib/../lib] ==> [/usr/lib]
  collapse library dir [/usr/lib/gcc/i686-linux-gnu/4.6/../../..] ==> [/usr/lib]
  implicit libs: [stdc++;m;c]
  implicit dirs: [/usr/lib/gcc/i686-linux-gnu/4.6;/usr/lib/i386-linux-gnu;/usr/lib;/lib/i386-linux-gnu;/lib]
  implicit fwks: []


Determining if files pthread.h exist passed with the following output:
Change Dir: /home/barbara/Documents/HMPdetector/CMakeFiles/CMakeTmp

Run Build Command:/usr/bin/make "cmTryCompileExec2079283486/fast"
/usr/bin/make -f CMakeFiles/cmTryCompileExec2079283486.dir/build.make CMakeFiles/cmTryCompileExec2079283486.dir/build
make[1]: Entering directory `/home/barbara/Documents/HMPdetector/CMakeFiles/CMakeTmp'
/home/barbara/Installed_software/CMake/cmake-2.8.12-Linux-i386/bin/cmake -E cmake_progress_report /home/barbara/Documents/HMPdetector/CMakeFiles/CMakeTmp/CMakeFiles 1
Building C object CMakeFiles/cmTryCompileExec2079283486.dir/CheckIncludeFiles.c.o
/usr/bin/cc    -o CMakeFiles/cmTryCompileExec2079283486.dir/CheckIncludeFiles.c.o   -c /home/barbara/Documents/HMPdetector/CMakeFiles/CMakeTmp/CheckIncludeFiles.c
Linking C executable cmTryCompileExec2079283486
/home/barbara/Installed_software/CMake/cmake-2.8.12-Linux-i386/bin/cmake -E cmake_link_script CMakeFiles/cmTryCompileExec2079283486.dir/link.txt --verbose=1
/usr/bin/cc       CMakeFiles/cmTryCompileExec2079283486.dir/CheckIncludeFiles.c.o  -o cmTryCompileExec2079283486 -rdynamic 
make[1]: Leaving directory `/home/barbara/Documents/HMPdetector/CMakeFiles/CMakeTmp'


Determining if the function pthread_create exists in the pthread passed with the following output:
Change Dir: /home/barbara/Documents/HMPdetector/CMakeFiles/CMakeTmp

Run Build Command:/usr/bin/make "cmTryCompileExec3595725114/fast"
/usr/bin/make -f CMakeFiles/cmTryCompileExec3595725114.dir/build.make CMakeFiles/cmTryCompileExec3595725114.dir/build
make[1]: Entering directory `/home/barbara/Documents/HMPdetector/CMakeFiles/CMakeTmp'
/home/barbara/Installed_software/CMake/cmake-2.8.12-Linux-i386/bin/cmake -E cmake_progress_report /home/barbara/Documents/HMPdetector/CMakeFiles/CMakeTmp/CMakeFiles 1
Building C object CMakeFiles/cmTryCompileExec3595725114.dir/CheckFunctionExists.c.o
/usr/bin/cc   -DCHECK_FUNCTION_EXISTS=pthread_create   -o CMakeFiles/cmTryCompileExec3595725114.dir/CheckFunctionExists.c.o   -c /home/barbara/Installed_software/CMake/cmake-2.8.12-Linux-i386/share/cmake-2.8/Modules/CheckFunctionExists.c
Linking C executable cmTryCompileExec3595725114
/home/barbara/Installed_software/CMake/cmake-2.8.12-Linux-i386/bin/cmake -E cmake_link_script CMakeFiles/cmTryCompileExec3595725114.dir/link.txt --verbose=1
/usr/bin/cc   -DCHECK_FUNCTION_EXISTS=pthread_create    CMakeFiles/cmTryCompileExec3595725114.dir/CheckFunctionExists.c.o  -o cmTryCompileExec3595725114 -rdynamic -lpthread 
make[1]: Leaving directory `/home/barbara/Documents/HMPdetector/CMakeFiles/CMakeTmp'


The system is: Linux - 3.13.0-32-generic - i686
Compiling the C compiler identification source file "CMakeCCompilerId.c" succeeded.
Compiler: /usr/bin/cc 
Build flags: 
Id flags: 

The output was:
0


Compilation of the C compiler identification source "CMakeCCompilerId.c" produced "a.out"

The C compiler identification is GNU, found in "/home/kike/catkin_ws/src/HMPdetector/CMakeFiles/2.8.12.2/CompilerIdC/a.out"

Compiling the CXX compiler identification source file "CMakeCXXCompilerId.cpp" succeeded.
Compiler: /usr/bin/c++ 
Build flags: -g;-Wall
Id flags: 

The output was:
0


Compilation of the CXX compiler identification source "CMakeCXXCompilerId.cpp" produced "a.out"

The CXX compiler identification is GNU, found in "/home/kike/catkin_ws/src/HMPdetector/CMakeFiles/2.8.12.2/CompilerIdCXX/a.out"

Determining if the C compiler works passed with the following output:
Change Dir: /home/kike/catkin_ws/src/HMPdetector/CMakeFiles/CMakeTmp

Run Build Command:/usr/bin/make "cmTryCompileExec292247912/fast"
/usr/bin/make -f CMakeFiles/cmTryCompileExec292247912.dir/build.make CMakeFiles/cmTryCompileExec292247912.dir/build
make[1]: Entering directory `/home/kike/catkin_ws/src/HMPdetector/CMakeFiles/CMakeTmp'
/usr/bin/cmake -E cmake_progress_report /home/kike/catkin_ws/src/HMPdetector/CMakeFiles/CMakeTmp/CMakeFiles 1
Building C object CMakeFiles/cmTryCompileExec292247912.dir/testCCompiler.c.o
/usr/bin/cc    -o CMakeFiles/cmTryCompileExec292247912.dir/testCCompiler.c.o   -c /home/kike/catkin_ws/src/HMPdetector/CMakeFiles/CMakeTmp/testCCompiler.c
Linking C executable cmTryCompileExec292247912
/usr/bin/cmake -E cmake_link_script CMakeFiles/cmTryCompileExec292247912.dir/link.txt --verbose=1
/usr/bin/cc       CMakeFiles/cmTryCompileExec292247912.dir/testCCompiler.c.o  -o cmTryCompileExec292247912 -rdynamic 
make[1]: Leaving directory `/home/kike/catkin_ws/src/HMPdetector/CMakeFiles/CMakeTmp'


Detecting C compiler ABI info compiled with the following output:
Change Dir: /home/kike/catkin_ws/src/HMPdetector/CMakeFiles/CMakeTmp

Run Build Command:/usr/bin/make "cmTryCompileExec3459249332/fast"
/usr/bin/make -f CMakeFiles/cmTryCompileExec3459249332.dir/build.make CMakeFiles/cmTryCompileExec3459249332.dir/build
make[1]: Entering directory `/home/kike/catkin_ws/src/HMPdetector/CMakeFiles/CMakeTmp'
/usr/bin/cmake -E cmake_progress_report /home/kike/catkin_ws/src/HMPdetector/CMakeFiles/CMakeTmp/CMakeFiles 1
Building C object CMakeFiles/cmTryCompileExec3459249332.dir/CMakeCCompilerABI.c.o
/usr/bin/cc    -o CMakeFiles/cmTryCompileExec3459249332.dir/CMakeCCompilerABI.c.o   -c /usr/share/cmake-2.8/Modules/CMakeCCompilerABI.c
Linking C executable cmTryCompileExec3459249332
/usr/bin/cmake -E cmake_link_script CMakeFiles/cmTryCompileExec3459249332.dir/link.txt --verbose=1
/usr/bin/cc     -v CMakeFiles/cmTryCompileExec3459249332.dir/CMakeCCompilerABI.c.o  -o cmTryCompileExec3459249332 -rdynamic  
Using built-in specs.
COLLECT_GCC=/usr/bin/cc
COLLECT_LTO_WRAPPER=/usr/lib/gcc/i686-linux-gnu/4.8/lto-wrapper
Target: i686-linux-gnu
Configured with: ../src/configure -v --with-pkgversion='Ubuntu 4.8.4-2ubuntu1~14.04' --with-bugurl=file:///usr/share/doc/gcc-4.8/README.Bugs --enable-languages=c,c++,java,go,d,fortran,objc,obj-c++ --prefix=/usr --program-suffix=-4.8 --enable-shared --enable-linker-build-id --libexecdir=/usr/lib --without-included-gettext --enable-threads=posix --with-gxx-include-dir=/usr/include/c++/4.8 --libdir=/usr/lib --enable-nls --with-sysroot=/ --enable-clocale=gnu --enable-libstdcxx-debug --enable-libstdcxx-time=yes --enable-gnu-unique-object --disable-libmudflap --enable-plugin --with-system-zlib --disable-browser-plugin --enable-java-awt=gtk --enable-gtk-cairo --with-java-home=/usr/lib/jvm/java-1.5.0-gcj-4.8-i386/jre --enable-java-home --with-jvm-root-dir=/usr/lib/jvm/java-1.5.0-gcj-4.8-i386 --with-jvm-jar-dir=/usr/lib/jvm-exports/java-1.5.0-gcj-4.8-i386 --with-arch-directory=i386 --with-ecj-jar=/usr/share/java/eclipse-ecj.jar --enable-objc-gc --enable-targets=all --enable-multiarch --disable-werror --with-arch-32=i686 --with-multilib-list=m32,m64,mx32 --with-tune=generic --enable-checking=release --build=i686-linux-gnu --host=i686-linux-gnu --target=i686-linux-gnu
Thread model: posix
gcc version 4.8.4 (Ubuntu 4.8.4-2ubuntu1~14.04) 
COMPILER_PATH=/usr/lib/gcc/i686-linux-gnu/4.8/:/usr/lib/gcc/i686-linux-gnu/4.8/:/usr/lib/gcc/i686-linux-gnu/:/usr/lib/gcc/i686-linux-gnu/4.8/:/usr/lib/gcc/i686-linux-gnu/
LIBRARY_PATH=/usr/lib/gcc/i686-linux-gnu/4.8/:/usr/lib/gcc/i686-linux-gnu/4.8/../../../i386-linux-gnu/:/usr/lib/gcc/i686-linux-gnu/4.8/../../../../lib/:/lib/i386-linux-gnu/:/lib/../lib/:/usr/lib/i386-linux-gnu/:/usr/lib/../lib/:/usr/lib/gcc/i686-linux-gnu/4.8/../../../:/lib/:/usr/lib/
COLLECT_GCC_OPTIONS='-v' '-o' 'cmTryCompileExec3459249332' '-rdynamic' '-mtune=generic' '-march=i686'
 /usr/lib/gcc/i686-linux-gnu/4.8/collect2 --sysroot=/ --build-id --eh-frame-hdr -m elf_i386 --hash-style=gnu --as-needed -export-dynamic -dynamic-linker /lib/ld-linux.so.2 -z relro -o cmTryCompileExec3459249332 /usr/lib/gcc/i686-linux-gnu/4.8/../../../i386-linux-gnu/crt1.o /usr/lib/gcc/i686-linux-gnu/4.8/../../../i386-linux-gnu/crti.o /usr/lib/gcc/i686-linux-gnu/4.8/crtbegin.o -L/usr/lib/gcc/i686-linux-gnu/4.8 -L/usr/lib/gcc/i686-linux-gnu/4.8/../../../i386-linux-gnu -L/usr/lib/gcc/i686-linux-gnu/4.8/../../../../lib -L/lib/i386-linux-gnu -L/lib/../lib -L/usr/lib/i386-linux-gnu -L/usr/lib/../lib -L/usr/lib/gcc/i686-linux-gnu/4.8/../../.. CMakeFiles/cmTryCompileExec3459249332.dir/CMakeCCompilerABI.c.o -lgcc --as-needed -lgcc_s --no-as-needed -lc -lgcc --as-needed -lgcc_s --no-as-needed /usr/lib/gcc/i686-linux-gnu/4.8/crtend.o /usr/lib/gcc/i686-linux-gnu/4.8/../../../i386-linux-gnu/crtn.o
make[1]: Leaving directory `/home/kike/catkin_ws/src/HMPdetector/CMakeFiles/CMakeTmp'


Parsed C implicit link information from above output:
  link line regex: [^( *|.*[/\])(ld|([^/\]+-)?ld|collect2)[^/\]*( |$)]
  ignore line: [Change Dir: /home/kike/catkin_ws/src/HMPdetector/CMakeFiles/CMakeTmp]
  ignore line: []
  ignore line: [Run Build Command:/usr/bin/make "cmTryCompileExec3459249332/fast"]
  ignore line: [/usr/bin/make -f CMakeFiles/cmTryCompileExec3459249332.dir/build.make CMakeFiles/cmTryCompileExec3459249332.dir/build]
  ignore line: [make[1]: Entering directory `/home/kike/catkin_ws/src/HMPdetector/CMakeFiles/CMakeTmp']
  ignore line: [/usr/bin/cmake -E cmake_progress_report /home/kike/catkin_ws/src/HMPdetector/CMakeFiles/CMakeTmp/CMakeFiles 1]
  ignore line: [Building C object CMakeFiles/cmTryCompileExec3459249332.dir/CMakeCCompilerABI.c.o]
  ignore line: [/usr/bin/cc    -o CMakeFiles/cmTryCompileExec3459249332.dir/CMakeCCompilerABI.c.o   -c /usr/share/cmake-2.8/Modules/CMakeCCompilerABI.c]
  ignore line: [Linking C executable cmTryCompileExec3459249332]
  ignore line: [/usr/bin/cmake -E cmake_link_script CMakeFiles/cmTryCompileExec3459249332.dir/link.txt --verbose=1]
  ignore line: [/usr/bin/cc     -v CMakeFiles/cmTryCompileExec3459249332.dir/CMakeCCompilerABI.c.o  -o cmTryCompileExec3459249332 -rdynamic  ]
  ignore line: [Using built-in specs.]
  ignore line: [COLLECT_GCC=/usr/bin/cc]
  ignore line: [COLLECT_LTO_WRAPPER=/usr/lib/gcc/i686-linux-gnu/4.8/lto-wrapper]
  ignore line: [Target: i686-linux-gnu]
  ignore line: [Configured with: ../src/configure -v --with-pkgversion='Ubuntu 4.8.4-2ubuntu1~14.04' --with-bugurl=file:///usr/share/doc/gcc-4.8/README.Bugs --enable-languages=c,c++,java,go,d,fortran,objc,obj-c++ --prefix=/usr --program-suffix=-4.8 --enable-shared --enable-linker-build-id --libexecdir=/usr/lib --without-included-gettext --enable-threads=posix --with-gxx-include-dir=/usr/include/c++/4.8 --libdir=/usr/lib --enable-nls --with-sysroot=/ --enable-clocale=gnu --enable-libstdcxx-debug --enable-libstdcxx-time=yes --enable-gnu-unique-object --disable-libmudflap --enable-plugin --with-system-zlib --disable-browser-plugin --enable-java-awt=gtk --enable-gtk-cairo --with-java-home=/usr/lib/jvm/java-1.5.0-gcj-4.8-i386/jre --enable-java-home --with-jvm-root-dir=/usr/lib/jvm/java-1.5.0-gcj-4.8-i386 --with-jvm-jar-dir=/usr/lib/jvm-exports/java-1.5.0-gcj-4.8-i386 --with-arch-directory=i386 --with-ecj-jar=/usr/share/java/eclipse-ecj.jar --enable-objc-gc --enable-targets=all --enable-multiarch --disable-werror --with-arch-32=i686 --with-multilib-list=m32,m64,mx32 --with-tune=generic --enable-checking=release --build=i686-linux-gnu --host=i686-linux-gnu --target=i686-linux-gnu]
  ignore line: [Thread model: posix]
  ignore line: [gcc version 4.8.4 (Ubuntu 4.8.4-2ubuntu1~14.04) ]
  ignore line: [COMPILER_PATH=/usr/lib/gcc/i686-linux-gnu/4.8/:/usr/lib/gcc/i686-linux-gnu/4.8/:/usr/lib/gcc/i686-linux-gnu/:/usr/lib/gcc/i686-linux-gnu/4.8/:/usr/lib/gcc/i686-linux-gnu/]
  ignore line: [LIBRARY_PATH=/usr/lib/gcc/i686-linux-gnu/4.8/:/usr/lib/gcc/i686-linux-gnu/4.8/../../../i386-linux-gnu/:/usr/lib/gcc/i686-linux-gnu/4.8/../../../../lib/:/lib/i386-linux-gnu/:/lib/../lib/:/usr/lib/i386-linux-gnu/:/usr/lib/../lib/:/usr/lib/gcc/i686-linux-gnu/4.8/../../../:/lib/:/usr/lib/]
  ignore line: [COLLECT_GCC_OPTIONS='-v' '-o' 'cmTryCompileExec3459249332' '-rdynamic' '-mtune=generic' '-march=i686']
  link line: [ /usr/lib/gcc/i686-linux-gnu/4.8/collect2 --sysroot=/ --build-id --eh-frame-hdr -m elf_i386 --hash-style=gnu --as-needed -export-dynamic -dynamic-linker /lib/ld-linux.so.2 -z relro -o cmTryCompileExec3459249332 /usr/lib/gcc/i686-linux-gnu/4.8/../../../i386-linux-gnu/crt1.o /usr/lib/gcc/i686-linux-gnu/4.8/../../../i386-linux-gnu/crti.o /usr/lib/gcc/i686-linux-gnu/4.8/crtbegin.o -L/usr/lib/gcc/i686-linux-gnu/4.8 -L/usr/lib/gcc/i686-linux-gnu/4.8/../../../i386-linux-gnu -L/usr/lib/gcc/i686-linux-gnu/4.8/../../../../lib -L/lib/i386-linux-gnu -L/lib/../lib -L/usr/lib/i386-linux-gnu -L/usr/lib/../lib -L/usr/lib/gcc/i686-linux-gnu/4.8/../../.. CMakeFiles/cmTryCompileExec3459249332.dir/CMakeCCompilerABI.c.o -lgcc --as-needed -lgcc_s --no-as-needed -lc -lgcc --as-needed -lgcc_s --no-as-needed /usr/lib/gcc/i686-linux-gnu/4.8/crtend.o /usr/lib/gcc/i686-linux-gnu/4.8/../../../i386-linux-gnu/crtn.o]
    arg [/usr/lib/gcc/i686-linux-gnu/4.8/collect2] ==> ignore
    arg [--sysroot=/] ==> ignore
    arg [--build-id] ==> ignore
    arg [--eh-frame-hdr] ==> ignore
    arg [-m] ==> ignore
    arg [elf_i386] ==> ignore
    arg [--hash-style=gnu] ==> ignore
    arg [--as-needed] ==> ignore
    arg [-export-dynamic] ==> ignore
    arg [-dynamic-linker] ==> ignore
    arg [/lib/ld-linux.so.2] ==> ignore
    arg [-zrelro] ==> ignore
    arg [-o] ==> ignore
    arg [cmTryCompileExec3459249332] ==> ignore
    arg [/usr/lib/gcc/i686-linux-gnu/4.8/../../../i386-linux-gnu/crt1.o] ==> ignore
    arg [/usr/lib/gcc/i686-linux-gnu/4.8/../../../i386-linux-gnu/crti.o] ==> ignore
    arg [/usr/lib/gcc/i686-linux-gnu/4.8/crtbegin.o] ==> ignore
    arg [-L/usr/lib/gcc/i686-linux-gnu/4.8] ==> dir [/usr/lib/gcc/i686-linux-gnu/4.8]
    arg [-L/usr/lib/gcc/i686-linux-gnu/4.8/../../../i386-linux-gnu] ==> dir [/usr/lib/gcc/i686-linux-gnu/4.8/../../../i386-linux-gnu]
    arg [-L/usr/lib/gcc/i686-linux-gnu/4.8/../../../../lib] ==> dir [/usr/lib/gcc/i686-linux-gnu/4.8/../../../../lib]
    arg [-L/lib/i386-linux-gnu] ==> dir [/lib/i386-linux-gnu]
    arg [-L/lib/../lib] ==> dir [/lib/../lib]
    arg [-L/usr/lib/i386-linux-gnu] ==> dir [/usr/lib/i386-linux-gnu]
    arg [-L/usr/lib/../lib] ==> dir [/usr/lib/../lib]
    arg [-L/usr/lib/gcc/i686-linux-gnu/4.8/../../..] ==> dir [/usr/lib/gcc/i686-linux-gnu/4.8/../../..]
    arg [CMakeFiles/cmTryCompileExec3459249332.dir/CMakeCCompilerABI.c.o] ==> ignore
    arg [-lgcc] ==> lib [gcc]
    arg [--as-needed] ==> ignore
    arg [-lgcc_s] ==> lib [gcc_s]
    arg [--no-as-needed] ==> ignore
    arg [-lc] ==> lib [c]
    arg [-lgcc] ==> lib [gcc]
    arg [--as-needed] ==> ignore
    arg [-lgcc_s] ==> lib [gcc_s]
    arg [--no-as-needed] ==> ignore
    arg [/usr/lib/gcc/i686-linux-gnu/4.8/crtend.o] ==> ignore
    arg [/usr/lib/gcc/i686-linux-gnu/4.8/../../../i386-linux-gnu/crtn.o] ==> ignore
  remove lib [gcc]
  remove lib [gcc_s]
  remove lib [gcc]
  remove lib [gcc_s]
  collapse library dir [/usr/lib/gcc/i686-linux-gnu/4.8] ==> [/usr/lib/gcc/i686-linux-gnu/4.8]
  collapse library dir [/usr/lib/gcc/i686-linux-gnu/4.8/../../../i386-linux-gnu] ==> [/usr/lib/i386-linux-gnu]
  collapse library dir [/usr/lib/gcc/i686-linux-gnu/4.8/../../../../lib] ==> [/usr/lib]
  collapse library dir [/lib/i386-linux-gnu] ==> [/lib/i386-linux-gnu]
  collapse library dir [/lib/../lib] ==> [/lib]
  collapse library dir [/usr/lib/i386-linux-gnu] ==> [/usr/lib/i386-linux-gnu]
  collapse library dir [/usr/lib/../lib] ==> [/usr/lib]
  collapse library dir [/usr/lib/gcc/i686-linux-gnu/4.8/../../..] ==> [/usr/lib]
  implicit libs: [c]
  implicit dirs: [/usr/lib/gcc/i686-linux-gnu/4.8;/usr/lib/i386-linux-gnu;/usr/lib;/lib/i386-linux-gnu;/lib]
  implicit fwks: []


Determining if the CXX compiler works passed with the following output:
Change Dir: /home/kike/catkin_ws/src/HMPdetector/CMakeFiles/CMakeTmp

Run Build Command:/usr/bin/make "cmTryCompileExec389770371/fast"
/usr/bin/make -f CMakeFiles/cmTryCompileExec389770371.dir/build.make CMakeFiles/cmTryCompileExec389770371.dir/build
make[1]: Entering directory `/home/kike/catkin_ws/src/HMPdetector/CMakeFiles/CMakeTmp'
/usr/bin/cmake -E cmake_progress_report /home/kike/catkin_ws/src/HMPdetector/CMakeFiles/CMakeTmp/CMakeFiles 1
Building CXX object CMakeFiles/cmTryCompileExec389770371.dir/testCXXCompiler.cxx.o
/usr/bin/c++     -o CMakeFiles/cmTryCompileExec389770371.dir/testCXXCompiler.cxx.o -c /home/kike/catkin_ws/src/HMPdetector/CMakeFiles/CMakeTmp/testCXXCompiler.cxx
Linking CXX executable cmTryCompileExec389770371
/usr/bin/cmake -E cmake_link_script CMakeFiles/cmTryCompileExec389770371.dir/link.txt --verbose=1
/usr/bin/c++        CMakeFiles/cmTryCompileExec389770371.dir/testCXXCompiler.cxx.o  -o cmTryCompileExec389770371 -rdynamic 
make[1]: Leaving directory `/home/kike/catkin_ws/src/HMPdetector/CMakeFiles/CMakeTmp'


Detecting CXX compiler ABI info compiled with the following output:
Change Dir: /home/kike/catkin_ws/src/HMPdetector/CMakeFiles/CMakeTmp

Run Build Command:/usr/bin/make "cmTryCompileExec2744551827/fast"
/usr/bin/make -f CMakeFiles/cmTryCompileExec2744551827.dir/build.make CMakeFiles/cmTryCompileExec2744551827.dir/build
make[1]: Entering directory `/home/kike/catkin_ws/src/HMPdetector/CMakeFiles/CMakeTmp'
/usr/bin/cmake -E cmake_progress_report /home/kike/catkin_ws/src/HMPdetector/CMakeFiles/CMakeTmp/CMakeFiles 1
Building CXX object CMakeFiles/cmTryCompileExec2744551827.dir/CMakeCXXCompilerABI.cpp.o
/usr/bin/c++     -o CMakeFiles/cmTryCompileExec2744551827.dir/CMakeCXXCompilerABI.cpp.o -c /usr/share/cmake-2.8/Modules/CMakeCXXCompilerABI.cpp
Linking CXX executable cmTryCompileExec2744551827
/usr/bin/cmake -E cmake_link_script CMakeFiles/cmTryCompileExec2744551827.dir/link.txt --verbose=1
/usr/bin/c++      -v CMakeFiles/cmTryCompileExec2744551827.dir/CMakeCXXCompilerABI.cpp.o  -o cmTryCompileExec2744551827 -rdynamic  
Using built-in specs.
COLLECT_GCC=/usr/bin/c++
COLLECT_LTO_WRAPPER=/usr/lib/gcc/i686-linux-gnu/4.8/lto-wrapper
Target: i686-linux-gnu
Configured with: ../src/configure -v --with-pkgversion='Ubuntu 4.8.4-2ubuntu1~14.04' --with-bugurl=file:///usr/share/doc/gcc-4.8/README.Bugs --enable-languages=c,c++,java,go,d,fortran,objc,obj-c++ --prefix=/usr --program-suffix=-4.8 --enable-shared --enable-linker-build-id --libexecdir=/usr/lib --without-included-gettext --enable-threads=posix --with-gxx-include-dir=/usr/include/c++/4.8 --libdir=/usr/lib --enable-nls --with-sysroot=/ --enable-clocale=gnu --enable-libstdcxx-debug --enable-libstdcxx-time=yes --enable-gnu-unique-object --disable-libmudflap --enable-plugin --with-system-zlib --disable-browser-plugin --enable-java-awt=gtk --enable-gtk-cairo --with-java-home=/usr/lib/jvm/java-1.5.0-gcj-4.8-i386/jre --enable-java-home --with-jvm-root-dir=/usr/lib/jvm/java-1.5.0-gcj-4.8-i386 --with-jvm-jar-dir=/usr/lib/jvm-exports/java-1.5.0-gcj-4.8-i386 --with-arch-directory=i386 --with-ecj-jar=/usr/share/java/eclipse-ecj.jar --enable-objc-gc --enable-targets=all --enable-multiarch --disable-werror --with-arch-32=i686 --with-multilib-list=m32,m64,mx32 --with-tune=generic --enable-checking=release --build=i686-linux-gnu --host=i686-linux-gnu --target=i686-linux-gnu
Thread model: posix
gcc version 4.8.4 (Ubuntu 4.8.4-2ubuntu1~14.04) 
COMPILER_PATH=/usr/lib/gcc/i686-linux-gnu/4.8/:/usr/lib/gcc/i686-linux-gnu/4.8/:/usr/lib/gcc/i686-linux-gnu/:/usr/lib/gcc/i686-linux-gnu/4.8/:/usr/lib/gcc/i686-linux-gnu/
LIBRARY_PATH=/usr/lib/gcc/i686-linux-gnu/4.8/:/usr/lib/gcc/i686-linux-gnu/4.8/../../../i386-linux-gnu/:/usr/lib/gcc/i686-linux-gnu/4.8/../../../../lib/:/lib/i386-linux-gnu/:/lib/../lib/:/usr/lib/i386-linux-gnu/:/usr/lib/../lib/:/usr/lib/gcc/i686-linux-gnu/4.8/../../../:/lib/:/usr/lib/
COLLECT_GCC_OPTIONS='-v' '-o' 'cmTryCompileExec2744551827' '-rdynamic' '-shared-libgcc' '-mtune=generic' '-march=i686'
 /usr/lib/gcc/i686-linux-gnu/4.8/collect2 --sysroot=/ --build-id --eh-frame-hdr -m elf_i386 --hash-style=gnu --as-needed -export-dynamic -dynamic-linker /lib/ld-linux.so.2 -z relro -o cmTryCompileExec2744551827 /usr/lib/gcc/i686-linux-gnu/4.8/../../../i386-linux-gnu/crt1.o /usr/lib/gcc/i686-linux-gnu/4.8/../../../i386-linux-gnu/crti.o /usr/lib/gcc/i686-linux-gnu/4.8/crtbegin.o -L/usr/lib/gcc/i686-linux-gnu/4.8 -L/usr/lib/gcc/i686-linux-gnu/4.8/../../../i386-linux-gnu -L/usr/lib/gcc/i686-linux-gnu/4.8/../../../../lib -L/lib/i386-linux-gnu -L/lib/../lib -L/usr/lib/i386-linux-gnu -L/usr/lib/../lib -L/usr/lib/gcc/i686-linux-gnu/4.8/../../.. CMakeFiles/cmTryCompileExec2744551827.dir/CMakeCXXCompilerABI.cpp.o -lstdc++ -lm -lgcc_s -lgcc -lc -lgcc_s -lgcc /usr/lib/gcc/i686-linux-gnu/4.8/crtend.o /usr/lib/gcc/i686-linux-gnu/4.8/../../../i386-linux-gnu/crtn.o
make[1]: Leaving directory `/home/kike/catkin_ws/src/HMPdetector/CMakeFiles/CMakeTmp'


Parsed CXX implicit link information from above output:
  link line regex: [^( *|.*[/\])(ld|([^/\]+-)?ld|collect2)[^/\]*( |$)]
  ignore line: [Change Dir: /home/kike/catkin_ws/src/HMPdetector/CMakeFiles/CMakeTmp]
  ignore line: []
  ignore line: [Run Build Command:/usr/bin/make "cmTryCompileExec2744551827/fast"]
  ignore line: [/usr/bin/make -f CMakeFiles/cmTryCompileExec2744551827.dir/build.make CMakeFiles/cmTryCompileExec2744551827.dir/build]
  ignore line: [make[1]: Entering directory `/home/kike/catkin_ws/src/HMPdetector/CMakeFiles/CMakeTmp']
  ignore line: [/usr/bin/cmake -E cmake_progress_report /home/kike/catkin_ws/src/HMPdetector/CMakeFiles/CMakeTmp/CMakeFiles 1]
  ignore line: [Building CXX object CMakeFiles/cmTryCompileExec2744551827.dir/CMakeCXXCompilerABI.cpp.o]
  ignore line: [/usr/bin/c++     -o CMakeFiles/cmTryCompileExec2744551827.dir/CMakeCXXCompilerABI.cpp.o -c /usr/share/cmake-2.8/Modules/CMakeCXXCompilerABI.cpp]
  ignore line: [Linking CXX executable cmTryCompileExec2744551827]
  ignore line: [/usr/bin/cmake -E cmake_link_script CMakeFiles/cmTryCompileExec2744551827.dir/link.txt --verbose=1]
  ignore line: [/usr/bin/c++      -v CMakeFiles/cmTryCompileExec2744551827.dir/CMakeCXXCompilerABI.cpp.o  -o cmTryCompileExec2744551827 -rdynamic  ]
  ignore line: [Using built-in specs.]
  ignore line: [COLLECT_GCC=/usr/bin/c++]
  ignore line: [COLLECT_LTO_WRAPPER=/usr/lib/gcc/i686-linux-gnu/4.8/lto-wrapper]
  ignore line: [Target: i686-linux-gnu]
  ignore line: [Configured with: ../src/configure -v --with-pkgversion='Ubuntu 4.8.4-2ubuntu1~14.04' --with-bugurl=file:///usr/share/doc/gcc-4.8/README.Bugs --enable-languages=c,c++,java,go,d,fortran,objc,obj-c++ --prefix=/usr --program-suffix=-4.8 --enable-shared --enable-linker-build-id --libexecdir=/usr/lib --without-included-gettext --enable-threads=posix --with-gxx-include-dir=/usr/include/c++/4.8 --libdir=/usr/lib --enable-nls --with-sysroot=/ --enable-clocale=gnu --enable-libstdcxx-debug --enable-libstdcxx-time=yes --enable-gnu-unique-object --disable-libmudflap --enable-plugin --with-system-zlib --disable-browser-plugin --enable-java-awt=gtk --enable-gtk-cairo --with-java-home=/usr/lib/jvm/java-1.5.0-gcj-4.8-i386/jre --enable-java-home --with-jvm-root-dir=/usr/lib/jvm/java-1.5.0-gcj-4.8-i386 --with-jvm-jar-dir=/usr/lib/jvm-exports/java-1.5.0-gcj-4.8-i386 --with-arch-directory=i386 --with-ecj-jar=/usr/share/java/eclipse-ecj.jar --enable-objc-gc --enable-targets=all --enable-multiarch --disable-werror --with-arch-32=i686 --with-multilib-list=m32,m64,mx32 --with-tune=generic --enable-checking=release --build=i686-linux-gnu --host=i686-linux-gnu --target=i686-linux-gnu]
  ignore line: [Thread model: posix]
  ignore line: [gcc version 4.8.4 (Ubuntu 4.8.4-2ubuntu1~14.04) ]
  ignore line: [COMPILER_PATH=/usr/lib/gcc/i686-linux-gnu/4.8/:/usr/lib/gcc/i686-linux-gnu/4.8/:/usr/lib/gcc/i686-linux-gnu/:/usr/lib/gcc/i686-linux-gnu/4.8/:/usr/lib/gcc/i686-linux-gnu/]
  ignore line: [LIBRARY_PATH=/usr/lib/gcc/i686-linux-gnu/4.8/:/usr/lib/gcc/i686-linux-gnu/4.8/../../../i386-linux-gnu/:/usr/lib/gcc/i686-linux-gnu/4.8/../../../../lib/:/lib/i386-linux-gnu/:/lib/../lib/:/usr/lib/i386-linux-gnu/:/usr/lib/../lib/:/usr/lib/gcc/i686-linux-gnu/4.8/../../../:/lib/:/usr/lib/]
  ignore line: [COLLECT_GCC_OPTIONS='-v' '-o' 'cmTryCompileExec2744551827' '-rdynamic' '-shared-libgcc' '-mtune=generic' '-march=i686']
  link line: [ /usr/lib/gcc/i686-linux-gnu/4.8/collect2 --sysroot=/ --build-id --eh-frame-hdr -m elf_i386 --hash-style=gnu --as-needed -export-dynamic -dynamic-linker /lib/ld-linux.so.2 -z relro -o cmTryCompileExec2744551827 /usr/lib/gcc/i686-linux-gnu/4.8/../../../i386-linux-gnu/crt1.o /usr/lib/gcc/i686-linux-gnu/4.8/../../../i386-linux-gnu/crti.o /usr/lib/gcc/i686-linux-gnu/4.8/crtbegin.o -L/usr/lib/gcc/i686-linux-gnu/4.8 -L/usr/lib/gcc/i686-linux-gnu/4.8/../../../i386-linux-gnu -L/usr/lib/gcc/i686-linux-gnu/4.8/../../../../lib -L/lib/i386-linux-gnu -L/lib/../lib -L/usr/lib/i386-linux-gnu -L/usr/lib/../lib -L/usr/lib/gcc/i686-linux-gnu/4.8/../../.. CMakeFiles/cmTryCompileExec2744551827.dir/CMakeCXXCompilerABI.cpp.o -lstdc++ -lm -lgcc_s -lgcc -lc -lgcc_s -lgcc /usr/lib/gcc/i686-linux-gnu/4.8/crtend.o /usr/lib/gcc/i686-linux-gnu/4.8/../../../i386-linux-gnu/crtn.o]
    arg [/usr/lib/gcc/i686-linux-gnu/4.8/collect2] ==> ignore
    arg [--sysroot=/] ==> ignore
    arg [--build-id] ==> ignore
    arg [--eh-frame-hdr] ==> ignore
    arg [-m] ==> ignore
    arg [elf_i386] ==> ignore
    arg [--hash-style=gnu] ==> ignore
    arg [--as-needed] ==> ignore
    arg [-export-dynamic] ==> ignore
    arg [-dynamic-linker] ==> ignore
    arg [/lib/ld-linux.so.2] ==> ignore
    arg [-zrelro] ==> ignore
    arg [-o] ==> ignore
    arg [cmTryCompileExec2744551827] ==> ignore
    arg [/usr/lib/gcc/i686-linux-gnu/4.8/../../../i386-linux-gnu/crt1.o] ==> ignore
    arg [/usr/lib/gcc/i686-linux-gnu/4.8/../../../i386-linux-gnu/crti.o] ==> ignore
    arg [/usr/lib/gcc/i686-linux-gnu/4.8/crtbegin.o] ==> ignore
    arg [-L/usr/lib/gcc/i686-linux-gnu/4.8] ==> dir [/usr/lib/gcc/i686-linux-gnu/4.8]
    arg [-L/usr/lib/gcc/i686-linux-gnu/4.8/../../../i386-linux-gnu] ==> dir [/usr/lib/gcc/i686-linux-gnu/4.8/../../../i386-linux-gnu]
    arg [-L/usr/lib/gcc/i686-linux-gnu/4.8/../../../../lib] ==> dir [/usr/lib/gcc/i686-linux-gnu/4.8/../../../../lib]
    arg [-L/lib/i386-linux-gnu] ==> dir [/lib/i386-linux-gnu]
    arg [-L/lib/../lib] ==> dir [/lib/../lib]
    arg [-L/usr/lib/i386-linux-gnu] ==> dir [/usr/lib/i386-linux-gnu]
    arg [-L/usr/lib/../lib] ==> dir [/usr/lib/../lib]
    arg [-L/usr/lib/gcc/i686-linux-gnu/4.8/../../..] ==> dir [/usr/lib/gcc/i686-linux-gnu/4.8/../../..]
    arg [CMakeFiles/cmTryCompileExec2744551827.dir/CMakeCXXCompilerABI.cpp.o] ==> ignore
    arg [-lstdc++] ==> lib [stdc++]
    arg [-lm] ==> lib [m]
    arg [-lgcc_s] ==> lib [gcc_s]
    arg [-lgcc] ==> lib [gcc]
    arg [-lc] ==> lib [c]
    arg [-lgcc_s] ==> lib [gcc_s]
    arg [-lgcc] ==> lib [gcc]
    arg [/usr/lib/gcc/i686-linux-gnu/4.8/crtend.o] ==> ignore
    arg [/usr/lib/gcc/i686-linux-gnu/4.8/../../../i386-linux-gnu/crtn.o] ==> ignore
  remove lib [gcc_s]
  remove lib [gcc]
  remove lib [gcc_s]
  remove lib [gcc]
  collapse library dir [/usr/lib/gcc/i686-linux-gnu/4.8] ==> [/usr/lib/gcc/i686-linux-gnu/4.8]
  collapse library dir [/usr/lib/gcc/i686-linux-gnu/4.8/../../../i386-linux-gnu] ==> [/usr/lib/i386-linux-gnu]
  collapse library dir [/usr/lib/gcc/i686-linux-gnu/4.8/../../../../lib] ==> [/usr/lib]
  collapse library dir [/lib/i386-linux-gnu] ==> [/lib/i386-linux-gnu]
  collapse library dir [/lib/../lib] ==> [/lib]
  collapse library dir [/usr/lib/i386-linux-gnu] ==> [/usr/lib/i386-linux-gnu]
  collapse library dir [/usr/lib/../lib] ==> [/usr/lib]
  collapse library dir [/usr/lib/gcc/i686-linux-gnu/4.8/../../..] ==> [/usr/lib]
  implicit libs: [stdc++;m;c]
  implicit dirs: [/usr/lib/gcc/i686-linux-gnu/4.8;/usr/lib/i386-linux-gnu;/usr/lib;/lib/i386-linux-gnu;/lib]
  implicit fwks: []


Determining if files pthread.h exist passed with the following output:
Change Dir: /home/kike/catkin_ws/src/HMPdetector/CMakeFiles/CMakeTmp

Run Build Command:/usr/bin/make "cmTryCompileExec1459427996/fast"
/usr/bin/make -f CMakeFiles/cmTryCompileExec1459427996.dir/build.make CMakeFiles/cmTryCompileExec1459427996.dir/build
make[1]: Entering directory `/home/kike/catkin_ws/src/HMPdetector/CMakeFiles/CMakeTmp'
/usr/bin/cmake -E cmake_progress_report /home/kike/catkin_ws/src/HMPdetector/CMakeFiles/CMakeTmp/CMakeFiles 1
Building C object CMakeFiles/cmTryCompileExec1459427996.dir/CheckIncludeFiles.c.o
/usr/bin/cc    -o CMakeFiles/cmTryCompileExec1459427996.dir/CheckIncludeFiles.c.o   -c /home/kike/catkin_ws/src/HMPdetector/CMakeFiles/CMakeTmp/CheckIncludeFiles.c
Linking C executable cmTryCompileExec1459427996
/usr/bin/cmake -E cmake_link_script CMakeFiles/cmTryCompileExec1459427996.dir/link.txt --verbose=1
/usr/bin/cc       CMakeFiles/cmTryCompileExec1459427996.dir/CheckIncludeFiles.c.o  -o cmTryCompileExec1459427996 -rdynamic 
make[1]: Leaving directory `/home/kike/catkin_ws/src/HMPdetector/CMakeFiles/CMakeTmp'


Determining if the function pthread_create exists in the pthread passed with the following output:
Change Dir: /home/kike/catkin_ws/src/HMPdetector/CMakeFiles/CMakeTmp

Run Build Command:/usr/bin/make "cmTryCompileExec2485365758/fast"
/usr/bin/make -f CMakeFiles/cmTryCompileExec2485365758.dir/build.make CMakeFiles/cmTryCompileExec2485365758.dir/build
make[1]: Entering directory `/home/kike/catkin_ws/src/HMPdetector/CMakeFiles/CMakeTmp'
/usr/bin/cmake -E cmake_progress_report /home/kike/catkin_ws/src/HMPdetector/CMakeFiles/CMakeTmp/CMakeFiles 1
Building C object CMakeFiles/cmTryCompileExec2485365758.dir/CheckFunctionExists.c.o
/usr/bin/cc   -DCHECK_FUNCTION_EXISTS=pthread_create   -o CMakeFiles/cmTryCompileExec2485365758.dir/CheckFunctionExists.c.o   -c /usr/share/cmake-2.8/Modules/CheckFunctionExists.c
Linking C executable cmTryCompileExec2485365758
/usr/bin/cmake -E cmake_link_script CMakeFiles/cmTryCompileExec2485365758.dir/link.txt --verbose=1
/usr/bin/cc   -DCHECK_FUNCTION_EXISTS=pthread_create    CMakeFiles/cmTryCompileExec2485365758.dir/CheckFunctionExists.c.o  -o cmTryCompileExec2485365758 -rdynamic -lpthread 
make[1]: Leaving directory `/home/kike/catkin_ws/src/HMPdetector/CMakeFiles/CMakeTmp'


Determining if files pthread.h exist passed with the following output:
Change Dir: /home/kike/catkin_ws/src/HMPdetector/src/CMakeFiles/CMakeTmp

Run Build Command:/usr/bin/make "cmTryCompileExec3276263565/fast"
/usr/bin/make -f CMakeFiles/cmTryCompileExec3276263565.dir/build.make CMakeFiles/cmTryCompileExec3276263565.dir/build
make[1]: Entering directory `/home/kike/catkin_ws/src/HMPdetector/src/CMakeFiles/CMakeTmp'
/usr/bin/cmake -E cmake_progress_report /home/kike/catkin_ws/src/HMPdetector/src/CMakeFiles/CMakeTmp/CMakeFiles 1
Building C object CMakeFiles/cmTryCompileExec3276263565.dir/CheckIncludeFiles.c.o
/usr/bin/cc    -o CMakeFiles/cmTryCompileExec3276263565.dir/CheckIncludeFiles.c.o   -c /home/kike/catkin_ws/src/HMPdetector/src/CMakeFiles/CMakeTmp/CheckIncludeFiles.c
Linking C executable cmTryCompileExec3276263565
/usr/bin/cmake -E cmake_link_script CMakeFiles/cmTryCompileExec3276263565.dir/link.txt --verbose=1
/usr/bin/cc       CMakeFiles/cmTryCompileExec3276263565.dir/CheckIncludeFiles.c.o  -o cmTryCompileExec3276263565 -rdynamic 
make[1]: Leaving directory `/home/kike/catkin_ws/src/HMPdetector/src/CMakeFiles/CMakeTmp'


Determining if the function pthread_create exists in the pthread passed with the following output:
Change Dir: /home/kike/catkin_ws/src/HMPdetector/src/CMakeFiles/CMakeTmp

Run Build Command:/usr/bin/make "cmTryCompileExec4253392898/fast"
/usr/bin/make -f CMakeFiles/cmTryCompileExec4253392898.dir/build.make CMakeFiles/cmTryCompileExec4253392898.dir/build
make[1]: Entering directory `/home/kike/catkin_ws/src/HMPdetector/src/CMakeFiles/CMakeTmp'
/usr/bin/cmake -E cmake_progress_report /home/kike/catkin_ws/src/HMPdetector/src/CMakeFiles/CMakeTmp/CMakeFiles 1
Building C object CMakeFiles/cmTryCompileExec4253392898.dir/CheckFunctionExists.c.o
/usr/bin/cc   -DCHECK_FUNCTION_EXISTS=pthread_create   -o CMakeFiles/cmTryCompileExec4253392898.dir/CheckFunctionExists.c.o   -c /usr/share/cmake-2.8/Modules/CheckFunctionExists.c
Linking C executable cmTryCompileExec4253392898
/usr/bin/cmake -E cmake_link_script CMakeFiles/cmTryCompileExec4253392898.dir/link.txt --verbose=1
/usr/bin/cc   -DCHECK_FUNCTION_EXISTS=pthread_create    CMakeFiles/cmTryCompileExec4253392898.dir/CheckFunctionExists.c.o  -o cmTryCompileExec4253392898 -rdynamic -lpthread 
make[1]: Leaving directory `/home/kike/catkin_ws/src/HMPdetector/src/CMakeFiles/CMakeTmp'


Determining if files pthread.h exist passed with the following output:
Change Dir: /home/kike/Desktop/HMPdetectorbien/CMakeFiles/CMakeTmp

Run Build Command:/usr/bin/make "cmTryCompileExec401223756/fast"
/usr/bin/make -f CMakeFiles/cmTryCompileExec401223756.dir/build.make CMakeFiles/cmTryCompileExec401223756.dir/build
make[1]: Entering directory `/home/kike/Desktop/HMPdetectorbien/CMakeFiles/CMakeTmp'
/usr/bin/cmake -E cmake_progress_report /home/kike/Desktop/HMPdetectorbien/CMakeFiles/CMakeTmp/CMakeFiles 1
Building C object CMakeFiles/cmTryCompileExec401223756.dir/CheckIncludeFiles.c.o
/usr/bin/cc    -o CMakeFiles/cmTryCompileExec401223756.dir/CheckIncludeFiles.c.o   -c /home/kike/Desktop/HMPdetectorbien/CMakeFiles/CMakeTmp/CheckIncludeFiles.c
Linking C executable cmTryCompileExec401223756
/usr/bin/cmake -E cmake_link_script CMakeFiles/cmTryCompileExec401223756.dir/link.txt --verbose=1
/usr/bin/cc       CMakeFiles/cmTryCompileExec401223756.dir/CheckIncludeFiles.c.o  -o cmTryCompileExec401223756 -rdynamic 
make[1]: Leaving directory `/home/kike/Desktop/HMPdetectorbien/CMakeFiles/CMakeTmp'


Determining if the function pthread_create exists in the pthread passed with the following output:
Change Dir: /home/kike/Desktop/HMPdetectorbien/CMakeFiles/CMakeTmp

Run Build Command:/usr/bin/make "cmTryCompileExec2778959533/fast"
/usr/bin/make -f CMakeFiles/cmTryCompileExec2778959533.dir/build.make CMakeFiles/cmTryCompileExec2778959533.dir/build
make[1]: Entering directory `/home/kike/Desktop/HMPdetectorbien/CMakeFiles/CMakeTmp'
/usr/bin/cmake -E cmake_progress_report /home/kike/Desktop/HMPdetectorbien/CMakeFiles/CMakeTmp/CMakeFiles 1
Building C object CMakeFiles/cmTryCompileExec2778959533.dir/CheckFunctionExists.c.o
/usr/bin/cc   -DCHECK_FUNCTION_EXISTS=pthread_create   -o CMakeFiles/cmTryCompileExec2778959533.dir/CheckFunctionExists.c.o   -c /usr/share/cmake-2.8/Modules/CheckFunctionExists.c
Linking C executable cmTryCompileExec2778959533
/usr/bin/cmake -E cmake_link_script CMakeFiles/cmTryCompileExec2778959533.dir/link.txt --verbose=1
/usr/bin/cc   -DCHECK_FUNCTION_EXISTS=pthread_create    CMakeFiles/cmTryCompileExec2778959533.dir/CheckFunctionExists.c.o  -o cmTryCompileExec2778959533 -rdynamic -lpthread 
make[1]: Leaving directory `/home/kike/Desktop/HMPdetectorbien/CMakeFiles/CMakeTmp'


Determining if files pthread.h exist passed with the following output:
Change Dir: /home/nasa/catkin_ws/src/HMP/HMPdetector/CMakeFiles/CMakeTmp

Run Build Command:/usr/bin/make "cmTryCompileExec4283198646/fast"
/usr/bin/make -f CMakeFiles/cmTryCompileExec4283198646.dir/build.make CMakeFiles/cmTryCompileExec4283198646.dir/build
make[1]: Entering directory `/home/nasa/catkin_ws/src/HMP/HMPdetector/CMakeFiles/CMakeTmp'
/usr/bin/cmake -E cmake_progress_report /home/nasa/catkin_ws/src/HMP/HMPdetector/CMakeFiles/CMakeTmp/CMakeFiles 1
Building C object CMakeFiles/cmTryCompileExec4283198646.dir/CheckIncludeFiles.c.o
/usr/bin/cc    -o CMakeFiles/cmTryCompileExec4283198646.dir/CheckIncludeFiles.c.o   -c /home/nasa/catkin_ws/src/HMP/HMPdetector/CMakeFiles/CMakeTmp/CheckIncludeFiles.c
Linking C executable cmTryCompileExec4283198646
/usr/bin/cmake -E cmake_link_script CMakeFiles/cmTryCompileExec4283198646.dir/link.txt --verbose=1
/usr/bin/cc       CMakeFiles/cmTryCompileExec4283198646.dir/CheckIncludeFiles.c.o  -o cmTryCompileExec4283198646 -rdynamic 
make[1]: Leaving directory `/home/nasa/catkin_ws/src/HMP/HMPdetector/CMakeFiles/CMakeTmp'


Determining if the function pthread_create exists in the pthread passed with the following output:
Change Dir: /home/nasa/catkin_ws/src/HMP/HMPdetector/CMakeFiles/CMakeTmp

Run Build Command:/usr/bin/make "cmTryCompileExec2255531779/fast"
/usr/bin/make -f CMakeFiles/cmTryCompileExec2255531779.dir/build.make CMakeFiles/cmTryCompileExec2255531779.dir/build
make[1]: Entering directory `/home/nasa/catkin_ws/src/HMP/HMPdetector/CMakeFiles/CMakeTmp'
/usr/bin/cmake -E cmake_progress_report /home/nasa/catkin_ws/src/HMP/HMPdetector/CMakeFiles/CMakeTmp/CMakeFiles 1
Building C object CMakeFiles/cmTryCompileExec2255531779.dir/CheckFunctionExists.c.o
/usr/bin/cc   -DCHECK_FUNCTION_EXISTS=pthread_create   -o CMakeFiles/cmTryCompileExec2255531779.dir/CheckFunctionExists.c.o   -c /usr/share/cmake-2.8/Modules/CheckFunctionExists.c
Linking C executable cmTryCompileExec2255531779
/usr/bin/cmake -E cmake_link_script CMakeFiles/cmTryCompileExec2255531779.dir/link.txt --verbose=1
/usr/bin/cc   -DCHECK_FUNCTION_EXISTS=pthread_create    CMakeFiles/cmTryCompileExec2255531779.dir/CheckFunctionExists.c.o  -o cmTryCompileExec2255531779 -rdynamic -lpthread 
make[1]: Leaving directory `/home/nasa/catkin_ws/src/HMP/HMPdetector/CMakeFiles/CMakeTmp'


